<component name="libraryTable">
  <library name="junit-4.12 (2)">
    <CLASSES>
      <root url="jar://$PROJECT_DIR$/MyBook/src/main/webapp/WEB-INF/lib/junit-4.12.jar!/" />
    </CLASSES>
    <JAVADOC />
    <SOURCES />
  </library>
</component>